<?xml version="1.0" encoding="utf-8" standalone="no"?>
<!--This file represents the results of running a test suite-->
<test-results name="C:\Users\Thomas Theunen\My Dropbox\MiniTech\Software\MiniCoder Reloaded\MiniCoder Reloaded Tests\MiniCoder.nunit" total="1" errors="0" failures="0" not-run="0" inconclusive="0" ignored="0" skipped="0" invalid="0" date="2010-07-05" time="20:21:43">
  <environment nunit-version="2.5.5.10112" clr-version="2.0.50727.4927" os-version="Microsoft Windows NT 6.1.7600.0" platform="Win32NT" cwd="C:\Program Files\NUnit 2.5.5\bin\net-2.0" machine-name="THOMASTHEUNEN" user="Thomas Theunen" user-domain="ThomasTheunen" />
  <culture-info current-culture="nl-BE" current-uiculture="en-US" />
  <test-suite type="Project" name="C:\Users\Thomas Theunen\My Dropbox\MiniTech\Software\MiniCoder Reloaded\MiniCoder Reloaded Tests\MiniCoder.nunit" executed="True" result="Success" success="True" time="0.237" asserts="0">
    <results>
      <test-suite type="Assembly" name="C:\Users\Thomas Theunen\My Dropbox\MiniTech\Software\MiniCoder Reloaded\MiniCoder Reloaded Tests\bin\Debug\MiniCoder Reloaded Tests.dll" executed="True" result="Success" success="True" time="0.228" asserts="0">
        <results>
          <test-suite type="Namespace" name="MiniCoder_Reloaded_Tests" executed="True" result="Success" success="True" time="0.217" asserts="0">
            <results>
              <test-suite type="Namespace" name="MKV_Source_Tests" executed="True" result="Success" success="True" time="0.212" asserts="0">
                <results>
                  <test-suite type="TestFixture" name="FetchFileInfoTests" executed="True" result="Success" success="True" time="0.199" asserts="0">
                    <results>
                      <test-case name="MiniCoder_Reloaded_Tests.MKV_Source_Tests.FetchFileInfoTests.IsNull" executed="True" result="Success" success="True" time="0.188" asserts="0" />
                    </results>
                  </test-suite>
                </results>
              </test-suite>
            </results>
          </test-suite>
        </results>
      </test-suite>
    </results>
  </test-suite>
</test-results>